<?xml version="1.0" encoding="UTF-8"?>
<testsuite xmlns:xsi="http://www.w3.org/2001/XMLSchema-instance" xsi:noNamespaceSchemaLocation="https://maven.apache.org/surefire/maven-surefire-plugin/xsd/surefire-test-report-3.0.xsd" version="3.0" name="org.example.formula.mixed_repeatable_formula.MixedFormulaTest" time="0.062" tests="2" errors="0" skipped="0" failures="0">
  <properties>
    <property name="sun.desktop" value="windows"/>
    <property name="awt.toolkit" value="sun.awt.windows.WToolkit"/>
    <property name="java.specification.version" value="11"/>
    <property name="sun.cpu.isalist" value="amd64"/>
    <property name="sun.jnu.encoding" value="MS949"/>
    <property name="java.class.path" value="C:\Users\정진욱\Desktop\github\excel-annotation-test\excelAnnotationTestProject3\target\test-classes;C:\Users\정진욱\Desktop\github\excel-annotation-test\excelAnnotationTestProject3\target\classes;C:\Users\정진욱\.m2\repository\org\junit\jupiter\junit-jupiter-engine\5.4.0\junit-jupiter-engine-5.4.0.jar;C:\Users\정진욱\.m2\repository\org\apiguardian\apiguardian-api\1.0.0\apiguardian-api-1.0.0.jar;C:\Users\정진욱\.m2\repository\org\junit\platform\junit-platform-engine\1.4.0\junit-platform-engine-1.4.0.jar;C:\Users\정진욱\.m2\repository\org\opentest4j\opentest4j\1.1.1\opentest4j-1.1.1.jar;C:\Users\정진욱\.m2\repository\org\junit\platform\junit-platform-commons\1.4.0\junit-platform-commons-1.4.0.jar;C:\Users\정진욱\.m2\repository\org\junit\jupiter\junit-jupiter-api\5.4.0\junit-jupiter-api-5.4.0.jar;C:\Users\정진욱\.m2\repository\org\apache\poi\poi-excelant\5.2.3\poi-excelant-5.2.3.jar;C:\Users\정진욱\.m2\repository\org\apache\ant\ant\1.10.12\ant-1.10.12.jar;C:\Users\정진욱\.m2\repository\org\apache\ant\ant-launcher\1.10.12\ant-launcher-1.10.12.jar;C:\Users\정진욱\.m2\repository\org\apache\poi\poi-ooxml\5.2.3\poi-ooxml-5.2.3.jar;C:\Users\정진욱\.m2\repository\org\apache\poi\poi\5.2.3\poi-5.2.3.jar;C:\Users\정진욱\.m2\repository\commons-codec\commons-codec\1.15\commons-codec-1.15.jar;C:\Users\정진욱\.m2\repository\org\apache\commons\commons-math3\3.6.1\commons-math3-3.6.1.jar;C:\Users\정진욱\.m2\repository\com\zaxxer\SparseBitSet\1.2\SparseBitSet-1.2.jar;C:\Users\정진욱\.m2\repository\org\apache\poi\poi-ooxml-lite\5.2.3\poi-ooxml-lite-5.2.3.jar;C:\Users\정진욱\.m2\repository\org\apache\xmlbeans\xmlbeans\5.1.1\xmlbeans-5.1.1.jar;C:\Users\정진욱\.m2\repository\org\apache\commons\commons-compress\1.21\commons-compress-1.21.jar;C:\Users\정진욱\.m2\repository\commons-io\commons-io\2.11.0\commons-io-2.11.0.jar;C:\Users\정진욱\.m2\repository\com\github\virtuald\curvesapi\1.07\curvesapi-1.07.jar;C:\Users\정진욱\.m2\repository\org\apache\logging\log4j\log4j-api\2.18.0\log4j-api-2.18.0.jar;C:\Users\정진욱\.m2\repository\org\apache\commons\commons-collections4\4.4\commons-collections4-4.4.jar;C:\Users\정진욱\.m2\repository\org\projectlombok\lombok\1.18.24\lombok-1.18.24.jar;C:\Users\정진욱\.m2\repository\org\apache\commons\commons-lang3\3.12.0\commons-lang3-3.12.0.jar;"/>
    <property name="java.vm.vendor" value="Oracle Corporation"/>
    <property name="sun.arch.data.model" value="64"/>
    <property name="user.variant" value=""/>
    <property name="java.vendor.url" value="https://openjdk.java.net/"/>
    <property name="user.timezone" value="Asia/Seoul"/>
    <property name="java.vm.specification.version" value="11"/>
    <property name="os.name" value="Windows 10"/>
    <property name="sun.java.launcher" value="SUN_STANDARD"/>
    <property name="user.country" value="KR"/>
    <property name="sun.boot.library.path" value="C:\Program Files\Java\jdk-11.0.10\bin"/>
    <property name="sun.java.command" value="C:\Users\정진욱\AppData\Local\Temp\surefire7264773343683963984\surefirebooter-20230114163344816_3.jar C:\Users\정진욱\AppData\Local\Temp\surefire7264773343683963984 2023-01-14T16-33-44_222-jvmRun1 surefire-20230114163344816_1tmp surefire_0-20230114163344816_2tmp"/>
    <property name="jdk.debug" value="release"/>
    <property name="surefire.test.class.path" value="C:\Users\정진욱\Desktop\github\excel-annotation-test\excelAnnotationTestProject3\target\test-classes;C:\Users\정진욱\Desktop\github\excel-annotation-test\excelAnnotationTestProject3\target\classes;C:\Users\정진욱\.m2\repository\org\junit\jupiter\junit-jupiter-engine\5.4.0\junit-jupiter-engine-5.4.0.jar;C:\Users\정진욱\.m2\repository\org\apiguardian\apiguardian-api\1.0.0\apiguardian-api-1.0.0.jar;C:\Users\정진욱\.m2\repository\org\junit\platform\junit-platform-engine\1.4.0\junit-platform-engine-1.4.0.jar;C:\Users\정진욱\.m2\repository\org\opentest4j\opentest4j\1.1.1\opentest4j-1.1.1.jar;C:\Users\정진욱\.m2\repository\org\junit\platform\junit-platform-commons\1.4.0\junit-platform-commons-1.4.0.jar;C:\Users\정진욱\.m2\repository\org\junit\jupiter\junit-jupiter-api\5.4.0\junit-jupiter-api-5.4.0.jar;C:\Users\정진욱\.m2\repository\org\apache\poi\poi-excelant\5.2.3\poi-excelant-5.2.3.jar;C:\Users\정진욱\.m2\repository\org\apache\ant\ant\1.10.12\ant-1.10.12.jar;C:\Users\정진욱\.m2\repository\org\apache\ant\ant-launcher\1.10.12\ant-launcher-1.10.12.jar;C:\Users\정진욱\.m2\repository\org\apache\poi\poi-ooxml\5.2.3\poi-ooxml-5.2.3.jar;C:\Users\정진욱\.m2\repository\org\apache\poi\poi\5.2.3\poi-5.2.3.jar;C:\Users\정진욱\.m2\repository\commons-codec\commons-codec\1.15\commons-codec-1.15.jar;C:\Users\정진욱\.m2\repository\org\apache\commons\commons-math3\3.6.1\commons-math3-3.6.1.jar;C:\Users\정진욱\.m2\repository\com\zaxxer\SparseBitSet\1.2\SparseBitSet-1.2.jar;C:\Users\정진욱\.m2\repository\org\apache\poi\poi-ooxml-lite\5.2.3\poi-ooxml-lite-5.2.3.jar;C:\Users\정진욱\.m2\repository\org\apache\xmlbeans\xmlbeans\5.1.1\xmlbeans-5.1.1.jar;C:\Users\정진욱\.m2\repository\org\apache\commons\commons-compress\1.21\commons-compress-1.21.jar;C:\Users\정진욱\.m2\repository\commons-io\commons-io\2.11.0\commons-io-2.11.0.jar;C:\Users\정진욱\.m2\repository\com\github\virtuald\curvesapi\1.07\curvesapi-1.07.jar;C:\Users\정진욱\.m2\repository\org\apache\logging\log4j\log4j-api\2.18.0\log4j-api-2.18.0.jar;C:\Users\정진욱\.m2\repository\org\apache\commons\commons-collections4\4.4\commons-collections4-4.4.jar;C:\Users\정진욱\.m2\repository\org\projectlombok\lombok\1.18.24\lombok-1.18.24.jar;C:\Users\정진욱\.m2\repository\org\apache\commons\commons-lang3\3.12.0\commons-lang3-3.12.0.jar;"/>
    <property name="sun.cpu.endian" value="little"/>
    <property name="user.home" value="C:\Users\정진욱"/>
    <property name="user.language" value="ko"/>
    <property name="java.specification.vendor" value="Oracle Corporation"/>
    <property name="java.version.date" value="2021-01-19"/>
    <property name="java.home" value="C:\Program Files\Java\jdk-11.0.10"/>
    <property name="file.separator" value="\"/>
    <property name="basedir" value="C:\Users\정진욱\Desktop\github\excel-annotation-test\excelAnnotationTestProject3"/>
    <property name="java.vm.compressedOopsMode" value="32-bit"/>
    <property name="line.separator" value="&#10;"/>
    <property name="java.specification.name" value="Java Platform API Specification"/>
    <property name="java.vm.specification.vendor" value="Oracle Corporation"/>
    <property name="java.awt.graphicsenv" value="sun.awt.Win32GraphicsEnvironment"/>
    <property name="surefire.real.class.path" value="C:\Users\정진욱\AppData\Local\Temp\surefire7264773343683963984\surefirebooter-20230114163344816_3.jar"/>
    <property name="user.script" value=""/>
    <property name="sun.management.compiler" value="HotSpot 64-Bit Tiered Compilers"/>
    <property name="java.runtime.version" value="11.0.10+8-LTS-162"/>
    <property name="user.name" value="jinmuk"/>
    <property name="path.separator" value=";"/>
    <property name="os.version" value="10.0"/>
    <property name="java.runtime.name" value="Java(TM) SE Runtime Environment"/>
    <property name="file.encoding" value="MS949"/>
    <property name="java.vm.name" value="Java HotSpot(TM) 64-Bit Server VM"/>
    <property name="java.vendor.version" value="18.9"/>
    <property name="localRepository" value="C:\Users\정진욱\.m2\repository"/>
    <property name="java.vendor.url.bug" value="https://bugreport.java.com/bugreport/"/>
    <property name="java.io.tmpdir" value="C:\Users\정진욱\AppData\Local\Temp\"/>
    <property name="idea.version" value="2022.1.4"/>
    <property name="java.version" value="11.0.10"/>
    <property name="user.dir" value="C:\Users\정진욱\Desktop\github\excel-annotation-test\excelAnnotationTestProject3"/>
    <property name="os.arch" value="amd64"/>
    <property name="java.vm.specification.name" value="Java Virtual Machine Specification"/>
    <property name="java.awt.printerjob" value="sun.awt.windows.WPrinterJob"/>
    <property name="sun.os.patch.level" value=""/>
    <property name="java.library.path" value="C:\Program Files\Java\jdk-11.0.10\bin;C:\WINDOWS\Sun\Java\bin;C:\WINDOWS\system32;C:\WINDOWS;C:\WINDOWS\system32;C:\WINDOWS;C:\WINDOWS\System32\Wbem;C:\WINDOWS\System32\WindowsPowerShell\v1.0\;C:\WINDOWS\System32\OpenSSH\;C:\Program Files (x86)\NVIDIA Corporation\PhysX\Common;C:\Program Files\NVIDIA Corporation\NVIDIA NvDLISR;C:\Program Files\PuTTY\;C:\WINDOWS\system32;C:\WINDOWS;C:\WINDOWS\System32\Wbem;C:\WINDOWS\System32\WindowsPowerShell\v1.0\;C:\WINDOWS\System32\OpenSSH\;C:\Program Files\Intel\WiFi\bin\;C:\Program Files\Common Files\Intel\WirelessCommon\;C:\Program Files\Git\cmd;C:\windows\system32;C:\Program Files\MySQL\MySQL Shell 8.0\bin\;C:\Users\정진욱\AppData\Local\Microsoft\WindowsApps;C:\Users\정진욱\AppData\Local\Programs\Microsoft VS Code\bin;C:\Program Files\JetBrains\IntelliJ IDEA 2020.3\bin;;C:\Program Files\Bandizip\;C:\Users\정진욱\Desktop\apache-maven-3.6.3\bin;C:\Program Files\Intel\WiFi\bin\;C:\Program Files\Common Files\Intel\WirelessCommon\;;."/>
    <property name="java.vendor" value="Oracle Corporation"/>
    <property name="java.vm.info" value="mixed mode"/>
    <property name="java.vm.version" value="11.0.10+8-LTS-162"/>
    <property name="sun.io.unicode.encoding" value="UnicodeLittle"/>
    <property name="java.class.version" value="55.0"/>
  </properties>
  <testcase name="mixedFormulaTest" classname="org.example.formula.mixed_repeatable_formula.MixedFormulaTest" time="0.028"/>
  <testcase name="duplicateFormulaTest" classname="org.example.formula.mixed_repeatable_formula.MixedFormulaTest" time="0.03"/>
</testsuite>